<?xml version="1.0" encoding="UTF-8"?>
<!-- Generated by org.testng.reporters.JUnitXMLReporter -->
<testsuite hostname="ATMECSINLT-085" ignored="0" name="Test Validate FIREFOXcom.atmecs.testing.testscripts.TestVerifyCanvas" tests="1" failures="0" timestamp="06 Nov 2019 15:26:50 GMT" time="26.594" errors="0">
  <testcase name="verifyCanvas" time="2.121" classname="com.atmecs.testing.testscripts.TestVerifyCanvas"/>
</testsuite> <!-- Test Validate FIREFOXcom.atmecs.testing.testscripts.TestVerifyCanvas -->
