<?xml version="1.0" encoding="UTF-8"?>
<!-- Generated by org.testng.reporters.JUnitXMLReporter -->
<testsuite hostname="ATMECSINLT-085" ignored="0" name="Test Validate IEcom.atmecs.testing.testscripts.TestVerifyCanvas" tests="1" failures="0" timestamp="06 Nov 2019 05:13:28 GMT" time="170.19" errors="0">
  <testcase name="verifyCanvas" time="159.138" classname="com.atmecs.testing.testscripts.TestVerifyCanvas"/>
</testsuite> <!-- Test Validate IEcom.atmecs.testing.testscripts.TestVerifyCanvas -->
