<?xml version="1.0" encoding="UTF-8"?>
<!-- Generated by org.testng.reporters.JUnitXMLReporter -->
<testsuite hostname="ATMECSINLT-085" ignored="0" name="Test Validate CHROMEcom.atmecs.testing.testscripts.TestVerifyCanvas" tests="1" failures="0" timestamp="06 Nov 2019 15:26:45 GMT" time="21.261" errors="0">
  <testcase name="verifyCanvas" time="5.917" classname="com.atmecs.testing.testscripts.TestVerifyCanvas"/>
</testsuite> <!-- Test Validate CHROMEcom.atmecs.testing.testscripts.TestVerifyCanvas -->
